[18-Dec-2023 23:53:56 UTC] PHP Warning:  Undefined property: WP_Ajax_Upgrader_Skin::$api in C:\Users\zayd-\Local Sites\cosmeticraft\app\public\wp-admin\includes\class-theme-upgrader.php on line 160
[19-Dec-2023 00:11:12 UTC] Sync process for Gutenberg Blocks has started.
[19-Dec-2023 00:11:12 UTC] CATEGORY: Storing in option ast-block-templates-categories
[19-Dec-2023 00:11:12 UTC] BLOCK: Requests count 8
[19-Dec-2023 00:11:12 UTC] BLOCK: Importing request 1 ..
[19-Dec-2023 00:11:12 UTC] BLOCK: https://websitedemos.net/wp-json/astra-blocks/v2/blocks/?page_builder=gutenberg&per_page=30&page=1&wireframe=yes
[19-Dec-2023 00:11:12 UTC] BLOCK: Storing in option ast-block-templates-blocks-1
[19-Dec-2023 00:11:13 UTC] BLOCK: Completed request 1
[19-Dec-2023 00:11:13 UTC] BLOCK: Importing request 2 ..
[19-Dec-2023 00:11:13 UTC] BLOCK: https://websitedemos.net/wp-json/astra-blocks/v2/blocks/?page_builder=gutenberg&per_page=30&page=2&wireframe=yes
[19-Dec-2023 00:11:13 UTC] BLOCK: Storing in option ast-block-templates-blocks-2
[19-Dec-2023 00:11:14 UTC] BLOCK: Completed request 2
[19-Dec-2023 00:11:14 UTC] BLOCK: Importing request 3 ..
[19-Dec-2023 00:11:14 UTC] BLOCK: https://websitedemos.net/wp-json/astra-blocks/v2/blocks/?page_builder=gutenberg&per_page=30&page=3&wireframe=yes
[19-Dec-2023 00:11:14 UTC] BLOCK: Storing in option ast-block-templates-blocks-3
[19-Dec-2023 00:11:15 UTC] BLOCK: Completed request 3
[19-Dec-2023 00:11:15 UTC] BLOCK: Importing request 4 ..
[19-Dec-2023 00:11:15 UTC] BLOCK: https://websitedemos.net/wp-json/astra-blocks/v2/blocks/?page_builder=gutenberg&per_page=30&page=4&wireframe=yes
[19-Dec-2023 00:11:15 UTC] BLOCK: Storing in option ast-block-templates-blocks-4
[19-Dec-2023 00:11:15 UTC] BLOCK: Completed request 4
[19-Dec-2023 00:11:15 UTC] BLOCK: Importing request 5 ..
[19-Dec-2023 00:11:15 UTC] BLOCK: https://websitedemos.net/wp-json/astra-blocks/v2/blocks/?page_builder=gutenberg&per_page=30&page=5&wireframe=yes
[19-Dec-2023 00:11:15 UTC] BLOCK: Storing in option ast-block-templates-blocks-5
[19-Dec-2023 00:11:15 UTC] BLOCK: Completed request 5
[19-Dec-2023 00:11:15 UTC] BLOCK: Importing request 6 ..
[19-Dec-2023 00:11:15 UTC] BLOCK: https://websitedemos.net/wp-json/astra-blocks/v2/blocks/?page_builder=gutenberg&per_page=30&page=6&wireframe=yes
[19-Dec-2023 00:11:15 UTC] BLOCK: Storing in option ast-block-templates-blocks-6
[19-Dec-2023 00:11:16 UTC] BLOCK: Completed request 6
[19-Dec-2023 00:11:16 UTC] BLOCK: Importing request 7 ..
[19-Dec-2023 00:11:16 UTC] BLOCK: https://websitedemos.net/wp-json/astra-blocks/v2/blocks/?page_builder=gutenberg&per_page=30&page=7&wireframe=yes
[19-Dec-2023 00:11:16 UTC] BLOCK: Storing in option ast-block-templates-blocks-7
[19-Dec-2023 00:11:16 UTC] BLOCK: Completed request 7
[19-Dec-2023 00:11:16 UTC] BLOCK: Importing request 8 ..
[19-Dec-2023 00:11:16 UTC] BLOCK: https://websitedemos.net/wp-json/astra-blocks/v2/blocks/?page_builder=gutenberg&per_page=30&page=8&wireframe=yes
[19-Dec-2023 00:11:16 UTC] BLOCK: Storing in option ast-block-templates-blocks-8
[19-Dec-2023 00:11:16 UTC] BLOCK: Completed request 8
[19-Dec-2023 00:11:16 UTC] Sync process for Gutenberg Blocks is done.
[19-Dec-2023 00:11:16 UTC] BLOCK: Getting Server Custimizer CSS
[19-Dec-2023 00:11:16 UTC] BLOCK: https://websitedemos.net/wp-json/astra-blocks/v2/get-customizer-css
[20-Dec-2023 23:30:55 UTC] Sync process for Gutenberg Blocks has started.
[20-Dec-2023 23:30:55 UTC] CATEGORY: Storing in option ast-block-templates-categories
[20-Dec-2023 23:30:55 UTC] BLOCK: Requests count 8
[20-Dec-2023 23:30:55 UTC] BLOCK: Importing request 1 ..
[20-Dec-2023 23:30:55 UTC] BLOCK: https://websitedemos.net/wp-json/astra-blocks/v2/blocks/?page_builder=gutenberg&per_page=30&page=1&wireframe=yes
[20-Dec-2023 23:30:56 UTC] BLOCK: Storing in option ast-block-templates-blocks-1
[20-Dec-2023 23:30:56 UTC] BLOCK: Completed request 1
[20-Dec-2023 23:30:56 UTC] BLOCK: Importing request 2 ..
[20-Dec-2023 23:30:56 UTC] BLOCK: https://websitedemos.net/wp-json/astra-blocks/v2/blocks/?page_builder=gutenberg&per_page=30&page=2&wireframe=yes
[20-Dec-2023 23:30:56 UTC] BLOCK: Storing in option ast-block-templates-blocks-2
[20-Dec-2023 23:30:56 UTC] BLOCK: Completed request 2
[20-Dec-2023 23:30:56 UTC] BLOCK: Importing request 3 ..
[20-Dec-2023 23:30:56 UTC] BLOCK: https://websitedemos.net/wp-json/astra-blocks/v2/blocks/?page_builder=gutenberg&per_page=30&page=3&wireframe=yes
[20-Dec-2023 23:30:56 UTC] BLOCK: Storing in option ast-block-templates-blocks-3
[20-Dec-2023 23:30:56 UTC] BLOCK: Completed request 3
[20-Dec-2023 23:30:56 UTC] BLOCK: Importing request 4 ..
[20-Dec-2023 23:30:56 UTC] BLOCK: https://websitedemos.net/wp-json/astra-blocks/v2/blocks/?page_builder=gutenberg&per_page=30&page=4&wireframe=yes
[20-Dec-2023 23:30:57 UTC] BLOCK: Storing in option ast-block-templates-blocks-4
[20-Dec-2023 23:30:57 UTC] BLOCK: Completed request 4
[20-Dec-2023 23:30:57 UTC] BLOCK: Importing request 5 ..
[20-Dec-2023 23:30:57 UTC] BLOCK: https://websitedemos.net/wp-json/astra-blocks/v2/blocks/?page_builder=gutenberg&per_page=30&page=5&wireframe=yes
[20-Dec-2023 23:30:57 UTC] BLOCK: Storing in option ast-block-templates-blocks-5
[20-Dec-2023 23:30:57 UTC] BLOCK: Completed request 5
[20-Dec-2023 23:30:57 UTC] BLOCK: Importing request 6 ..
[20-Dec-2023 23:30:57 UTC] BLOCK: https://websitedemos.net/wp-json/astra-blocks/v2/blocks/?page_builder=gutenberg&per_page=30&page=6&wireframe=yes
[20-Dec-2023 23:30:57 UTC] BLOCK: Storing in option ast-block-templates-blocks-6
[20-Dec-2023 23:30:58 UTC] BLOCK: Completed request 6
[20-Dec-2023 23:30:58 UTC] BLOCK: Importing request 7 ..
[20-Dec-2023 23:30:58 UTC] BLOCK: https://websitedemos.net/wp-json/astra-blocks/v2/blocks/?page_builder=gutenberg&per_page=30&page=7&wireframe=yes
[20-Dec-2023 23:30:58 UTC] BLOCK: Storing in option ast-block-templates-blocks-7
[20-Dec-2023 23:30:59 UTC] BLOCK: Completed request 7
[20-Dec-2023 23:30:59 UTC] BLOCK: Importing request 8 ..
[20-Dec-2023 23:30:59 UTC] BLOCK: https://websitedemos.net/wp-json/astra-blocks/v2/blocks/?page_builder=gutenberg&per_page=30&page=8&wireframe=yes
[20-Dec-2023 23:30:59 UTC] BLOCK: Storing in option ast-block-templates-blocks-8
[20-Dec-2023 23:30:59 UTC] BLOCK: Completed request 8
[20-Dec-2023 23:30:59 UTC] Sync process for Gutenberg Blocks is done.
[20-Dec-2023 23:30:59 UTC] BLOCK: Getting Server Custimizer CSS
[20-Dec-2023 23:30:59 UTC] BLOCK: https://websitedemos.net/wp-json/astra-blocks/v2/get-customizer-css
[24-Dec-2023 22:37:13 UTC] Sync process for Gutenberg Blocks has started.
[24-Dec-2023 22:37:13 UTC] CATEGORY: Storing in option ast-block-templates-categories
[24-Dec-2023 22:37:13 UTC] BLOCK: Requests count 8
[24-Dec-2023 22:37:13 UTC] BLOCK: Importing request 1 ..
[24-Dec-2023 22:37:13 UTC] BLOCK: https://websitedemos.net/wp-json/astra-blocks/v2/blocks/?page_builder=gutenberg&per_page=30&page=1&wireframe=yes
[24-Dec-2023 22:37:14 UTC] BLOCK: Storing in option ast-block-templates-blocks-1
[24-Dec-2023 22:37:14 UTC] BLOCK: Completed request 1
[24-Dec-2023 22:37:14 UTC] BLOCK: Importing request 2 ..
[24-Dec-2023 22:37:14 UTC] BLOCK: https://websitedemos.net/wp-json/astra-blocks/v2/blocks/?page_builder=gutenberg&per_page=30&page=2&wireframe=yes
[24-Dec-2023 22:37:14 UTC] BLOCK: Storing in option ast-block-templates-blocks-2
[24-Dec-2023 22:37:14 UTC] BLOCK: Completed request 2
[24-Dec-2023 22:37:14 UTC] BLOCK: Importing request 3 ..
[24-Dec-2023 22:37:14 UTC] BLOCK: https://websitedemos.net/wp-json/astra-blocks/v2/blocks/?page_builder=gutenberg&per_page=30&page=3&wireframe=yes
[24-Dec-2023 22:37:15 UTC] BLOCK: Storing in option ast-block-templates-blocks-3
[24-Dec-2023 22:37:15 UTC] BLOCK: Completed request 3
[24-Dec-2023 22:37:15 UTC] BLOCK: Importing request 4 ..
[24-Dec-2023 22:37:15 UTC] BLOCK: https://websitedemos.net/wp-json/astra-blocks/v2/blocks/?page_builder=gutenberg&per_page=30&page=4&wireframe=yes
[24-Dec-2023 22:37:15 UTC] BLOCK: Storing in option ast-block-templates-blocks-4
[24-Dec-2023 22:37:15 UTC] BLOCK: Completed request 4
[24-Dec-2023 22:37:15 UTC] BLOCK: Importing request 5 ..
[24-Dec-2023 22:37:15 UTC] BLOCK: https://websitedemos.net/wp-json/astra-blocks/v2/blocks/?page_builder=gutenberg&per_page=30&page=5&wireframe=yes
[24-Dec-2023 22:37:16 UTC] BLOCK: Storing in option ast-block-templates-blocks-5
[24-Dec-2023 22:37:16 UTC] BLOCK: Completed request 5
[24-Dec-2023 22:37:16 UTC] BLOCK: Importing request 6 ..
[24-Dec-2023 22:37:16 UTC] BLOCK: https://websitedemos.net/wp-json/astra-blocks/v2/blocks/?page_builder=gutenberg&per_page=30&page=6&wireframe=yes
[24-Dec-2023 22:37:16 UTC] BLOCK: Storing in option ast-block-templates-blocks-6
[24-Dec-2023 22:37:16 UTC] BLOCK: Completed request 6
[24-Dec-2023 22:37:16 UTC] BLOCK: Importing request 7 ..
[24-Dec-2023 22:37:16 UTC] BLOCK: https://websitedemos.net/wp-json/astra-blocks/v2/blocks/?page_builder=gutenberg&per_page=30&page=7&wireframe=yes
[24-Dec-2023 22:37:16 UTC] BLOCK: Storing in option ast-block-templates-blocks-7
[24-Dec-2023 22:37:17 UTC] BLOCK: Completed request 7
[24-Dec-2023 22:37:17 UTC] BLOCK: Importing request 8 ..
[24-Dec-2023 22:37:17 UTC] BLOCK: https://websitedemos.net/wp-json/astra-blocks/v2/blocks/?page_builder=gutenberg&per_page=30&page=8&wireframe=yes
[24-Dec-2023 22:37:17 UTC] BLOCK: Storing in option ast-block-templates-blocks-8
[24-Dec-2023 22:37:17 UTC] BLOCK: Completed request 8
[24-Dec-2023 22:37:17 UTC] Sync process for Gutenberg Blocks is done.
[24-Dec-2023 22:37:17 UTC] BLOCK: Getting Server Custimizer CSS
[24-Dec-2023 22:37:17 UTC] BLOCK: https://websitedemos.net/wp-json/astra-blocks/v2/get-customizer-css
[25-Dec-2023 00:20:29 UTC] Source - https://websitedemos.net/wp-content/uploads/2023/10/natures-02.jpg
[25-Dec-2023 00:20:29 UTC] BATCH - SKIP Image {already imported from xml} - https://websitedemos.net/wp-content/uploads/2023/10/natures-02.jpg
[25-Dec-2023 00:20:29 UTC] Log - {"url":"https:\/\/websitedemos.net\/wp-content\/uploads\/2023\/10\/natures-02.jpg","id":0}
[25-Dec-2023 00:20:29 UTC] PHP Warning:  Undefined array key "engine" in C:\Users\zayd-\Local Sites\cosmeticraft\app\public\wp-content\plugins\astra-sites\inc\lib\gutenberg-templates\inc\importer\image-importer.php on line 155
[25-Dec-2023 00:20:29 UTC] natures-02.jpg
[25-Dec-2023 00:20:29 UTC] {"file":"C:\\Users\\zayd-\\Local Sites\\cosmeticraft\\app\\public\/wp-content\/uploads\/2023\/12\/natures-02.jpg","url":"http:\/\/cosmeticraft.local\/wp-content\/uploads\/2023\/12\/natures-02.jpg","type":"image\/jpeg","error":false}
[25-Dec-2023 00:20:29 UTC] {"post_title":"natures-02.jpg","guid":"http:\/\/cosmeticraft.local\/wp-content\/uploads\/2023\/12\/natures-02.jpg"}
[25-Dec-2023 00:20:29 UTC] BATCH - SUCCESS Image {Imported} - http://cosmeticraft.local/wp-content/uploads/2023/12/natures-02.jpg
[25-Dec-2023 00:20:29 UTC] Source - https://websitedemos.net/wp-content/uploads/2023/10/rivers-01.jpg
[25-Dec-2023 00:20:29 UTC] BATCH - SKIP Image {already imported from xml} - https://websitedemos.net/wp-content/uploads/2023/10/rivers-01.jpg
[25-Dec-2023 00:20:29 UTC] Log - {"url":"https:\/\/websitedemos.net\/wp-content\/uploads\/2023\/10\/rivers-01.jpg","id":0}
[25-Dec-2023 00:20:29 UTC] PHP Warning:  Undefined array key "engine" in C:\Users\zayd-\Local Sites\cosmeticraft\app\public\wp-content\plugins\astra-sites\inc\lib\gutenberg-templates\inc\importer\image-importer.php on line 155
[25-Dec-2023 00:20:30 UTC] rivers-01.jpg
[25-Dec-2023 00:20:30 UTC] {"file":"C:\\Users\\zayd-\\Local Sites\\cosmeticraft\\app\\public\/wp-content\/uploads\/2023\/12\/rivers-01.jpg","url":"http:\/\/cosmeticraft.local\/wp-content\/uploads\/2023\/12\/rivers-01.jpg","type":"image\/jpeg","error":false}
[25-Dec-2023 00:20:30 UTC] {"post_title":"rivers-01.jpg","guid":"http:\/\/cosmeticraft.local\/wp-content\/uploads\/2023\/12\/rivers-01.jpg"}
[25-Dec-2023 00:20:30 UTC] BATCH - SUCCESS Image {Imported} - http://cosmeticraft.local/wp-content/uploads/2023/12/rivers-01.jpg
[25-Dec-2023 00:20:30 UTC] Source - https://websitedemos.net/wp-content/uploads/2023/10/snow-mountains-01.jpg
[25-Dec-2023 00:20:30 UTC] BATCH - SKIP Image {already imported from xml} - https://websitedemos.net/wp-content/uploads/2023/10/snow-mountains-01.jpg
[25-Dec-2023 00:20:30 UTC] Log - {"url":"https:\/\/websitedemos.net\/wp-content\/uploads\/2023\/10\/snow-mountains-01.jpg","id":0}
[25-Dec-2023 00:20:30 UTC] PHP Warning:  Undefined array key "engine" in C:\Users\zayd-\Local Sites\cosmeticraft\app\public\wp-content\plugins\astra-sites\inc\lib\gutenberg-templates\inc\importer\image-importer.php on line 155
[25-Dec-2023 00:20:31 UTC] snow-mountains-01.jpg
[25-Dec-2023 00:20:31 UTC] {"file":"C:\\Users\\zayd-\\Local Sites\\cosmeticraft\\app\\public\/wp-content\/uploads\/2023\/12\/snow-mountains-01.jpg","url":"http:\/\/cosmeticraft.local\/wp-content\/uploads\/2023\/12\/snow-mountains-01.jpg","type":"image\/jpeg","error":false}
[25-Dec-2023 00:20:31 UTC] {"post_title":"snow-mountains-01.jpg","guid":"http:\/\/cosmeticraft.local\/wp-content\/uploads\/2023\/12\/snow-mountains-01.jpg"}
[25-Dec-2023 00:20:31 UTC] BATCH - SUCCESS Image {Imported} - http://cosmeticraft.local/wp-content/uploads/2023/12/snow-mountains-01.jpg
[25-Dec-2023 00:22:12 UTC] Source - https://websitedemos.net/wp-content/uploads/2023/09/about-03-1.jpg
[25-Dec-2023 00:22:12 UTC] BATCH - SKIP Image {already imported from xml} - https://websitedemos.net/wp-content/uploads/2023/09/about-03-1.jpg
[25-Dec-2023 00:22:12 UTC] Log - {"url":"https:\/\/websitedemos.net\/wp-content\/uploads\/2023\/09\/about-03-1.jpg","id":0}
[25-Dec-2023 00:22:12 UTC] PHP Warning:  Undefined array key "engine" in C:\Users\zayd-\Local Sites\cosmeticraft\app\public\wp-content\plugins\astra-sites\inc\lib\gutenberg-templates\inc\importer\image-importer.php on line 155
[25-Dec-2023 00:22:12 UTC] about-03-1.jpg
[25-Dec-2023 00:22:12 UTC] {"file":"C:\\Users\\zayd-\\Local Sites\\cosmeticraft\\app\\public\/wp-content\/uploads\/2023\/12\/about-03-1.jpg","url":"http:\/\/cosmeticraft.local\/wp-content\/uploads\/2023\/12\/about-03-1.jpg","type":"image\/jpeg","error":false}
[25-Dec-2023 00:22:12 UTC] {"post_title":"about-03-1.jpg","guid":"http:\/\/cosmeticraft.local\/wp-content\/uploads\/2023\/12\/about-03-1.jpg"}
[25-Dec-2023 00:22:12 UTC] BATCH - SUCCESS Image {Imported} - http://cosmeticraft.local/wp-content/uploads/2023/12/about-03-1.jpg
[25-Dec-2023 00:22:12 UTC] Source - https://websitedemos.net/wp-content/uploads/2023/09/about-04.jpg
[25-Dec-2023 00:22:12 UTC] BATCH - SKIP Image {already imported from xml} - https://websitedemos.net/wp-content/uploads/2023/09/about-04.jpg
[25-Dec-2023 00:22:12 UTC] Log - {"url":"https:\/\/websitedemos.net\/wp-content\/uploads\/2023\/09\/about-04.jpg","id":0}
[25-Dec-2023 00:22:12 UTC] PHP Warning:  Undefined array key "engine" in C:\Users\zayd-\Local Sites\cosmeticraft\app\public\wp-content\plugins\astra-sites\inc\lib\gutenberg-templates\inc\importer\image-importer.php on line 155
[25-Dec-2023 00:22:13 UTC] about-04.jpg
[25-Dec-2023 00:22:13 UTC] {"file":"C:\\Users\\zayd-\\Local Sites\\cosmeticraft\\app\\public\/wp-content\/uploads\/2023\/12\/about-04.jpg","url":"http:\/\/cosmeticraft.local\/wp-content\/uploads\/2023\/12\/about-04.jpg","type":"image\/jpeg","error":false}
[25-Dec-2023 00:22:13 UTC] {"post_title":"about-04.jpg","guid":"http:\/\/cosmeticraft.local\/wp-content\/uploads\/2023\/12\/about-04.jpg"}
[25-Dec-2023 00:22:13 UTC] BATCH - SUCCESS Image {Imported} - http://cosmeticraft.local/wp-content/uploads/2023/12/about-04.jpg
[25-Dec-2023 00:22:13 UTC] Source - https://websitedemos.net/wp-content/uploads/2023/09/about-05.jpg
[25-Dec-2023 00:22:13 UTC] BATCH - SKIP Image {already imported from xml} - https://websitedemos.net/wp-content/uploads/2023/09/about-05.jpg
[25-Dec-2023 00:22:13 UTC] Log - {"url":"https:\/\/websitedemos.net\/wp-content\/uploads\/2023\/09\/about-05.jpg","id":0}
[25-Dec-2023 00:22:13 UTC] PHP Warning:  Undefined array key "engine" in C:\Users\zayd-\Local Sites\cosmeticraft\app\public\wp-content\plugins\astra-sites\inc\lib\gutenberg-templates\inc\importer\image-importer.php on line 155
[25-Dec-2023 00:22:13 UTC] about-05.jpg
[25-Dec-2023 00:22:13 UTC] {"file":"C:\\Users\\zayd-\\Local Sites\\cosmeticraft\\app\\public\/wp-content\/uploads\/2023\/12\/about-05.jpg","url":"http:\/\/cosmeticraft.local\/wp-content\/uploads\/2023\/12\/about-05.jpg","type":"image\/jpeg","error":false}
[25-Dec-2023 00:22:13 UTC] {"post_title":"about-05.jpg","guid":"http:\/\/cosmeticraft.local\/wp-content\/uploads\/2023\/12\/about-05.jpg"}
[25-Dec-2023 00:22:14 UTC] BATCH - SUCCESS Image {Imported} - http://cosmeticraft.local/wp-content/uploads/2023/12/about-05.jpg
[25-Dec-2023 00:23:29 UTC] Source - https://websitedemos.net/wp-content/uploads/2023/10/desserts-02.jpg
[25-Dec-2023 00:23:29 UTC] BATCH - SKIP Image {already imported from xml} - https://websitedemos.net/wp-content/uploads/2023/10/desserts-02.jpg
[25-Dec-2023 00:23:29 UTC] Log - {"url":"https:\/\/websitedemos.net\/wp-content\/uploads\/2023\/10\/desserts-02.jpg","id":0}
[25-Dec-2023 00:23:29 UTC] PHP Warning:  Undefined array key "engine" in C:\Users\zayd-\Local Sites\cosmeticraft\app\public\wp-content\plugins\astra-sites\inc\lib\gutenberg-templates\inc\importer\image-importer.php on line 155
[25-Dec-2023 00:23:30 UTC] desserts-02.jpg
[25-Dec-2023 00:23:30 UTC] {"file":"C:\\Users\\zayd-\\Local Sites\\cosmeticraft\\app\\public\/wp-content\/uploads\/2023\/12\/desserts-02.jpg","url":"http:\/\/cosmeticraft.local\/wp-content\/uploads\/2023\/12\/desserts-02.jpg","type":"image\/jpeg","error":false}
[25-Dec-2023 00:23:30 UTC] {"post_title":"desserts-02.jpg","guid":"http:\/\/cosmeticraft.local\/wp-content\/uploads\/2023\/12\/desserts-02.jpg"}
[25-Dec-2023 00:23:30 UTC] BATCH - SUCCESS Image {Imported} - http://cosmeticraft.local/wp-content/uploads/2023/12/desserts-02.jpg
[25-Dec-2023 00:23:30 UTC] Source - https://websitedemos.net/wp-content/uploads/2023/10/natures-02.jpg
[25-Dec-2023 00:23:30 UTC] Log - {"id":"645","url":"http:\/\/cosmeticraft.local\/wp-content\/uploads\/2023\/12\/natures-02.jpg"}
[25-Dec-2023 00:23:30 UTC] Source - https://websitedemos.net/wp-content/uploads/2023/10/snow-mountains-02.jpg
[25-Dec-2023 00:23:30 UTC] BATCH - SKIP Image {already imported from xml} - https://websitedemos.net/wp-content/uploads/2023/10/snow-mountains-02.jpg
[25-Dec-2023 00:23:30 UTC] Log - {"url":"https:\/\/websitedemos.net\/wp-content\/uploads\/2023\/10\/snow-mountains-02.jpg","id":0}
[25-Dec-2023 00:23:30 UTC] PHP Warning:  Undefined array key "engine" in C:\Users\zayd-\Local Sites\cosmeticraft\app\public\wp-content\plugins\astra-sites\inc\lib\gutenberg-templates\inc\importer\image-importer.php on line 155
[25-Dec-2023 00:23:30 UTC] snow-mountains-02.jpg
[25-Dec-2023 00:23:30 UTC] {"file":"C:\\Users\\zayd-\\Local Sites\\cosmeticraft\\app\\public\/wp-content\/uploads\/2023\/12\/snow-mountains-02.jpg","url":"http:\/\/cosmeticraft.local\/wp-content\/uploads\/2023\/12\/snow-mountains-02.jpg","type":"image\/jpeg","error":false}
[25-Dec-2023 00:23:30 UTC] {"post_title":"snow-mountains-02.jpg","guid":"http:\/\/cosmeticraft.local\/wp-content\/uploads\/2023\/12\/snow-mountains-02.jpg"}
[25-Dec-2023 00:23:30 UTC] BATCH - SUCCESS Image {Imported} - http://cosmeticraft.local/wp-content/uploads/2023/12/snow-mountains-02.jpg
[25-Dec-2023 00:23:30 UTC] Source - https://websitedemos.net/wp-content/uploads/2023/10/mountains-02.jpg
[25-Dec-2023 00:23:30 UTC] BATCH - SKIP Image {already imported from xml} - https://websitedemos.net/wp-content/uploads/2023/10/mountains-02.jpg
[25-Dec-2023 00:23:30 UTC] Log - {"url":"https:\/\/websitedemos.net\/wp-content\/uploads\/2023\/10\/mountains-02.jpg","id":0}
[25-Dec-2023 00:23:30 UTC] PHP Warning:  Undefined array key "engine" in C:\Users\zayd-\Local Sites\cosmeticraft\app\public\wp-content\plugins\astra-sites\inc\lib\gutenberg-templates\inc\importer\image-importer.php on line 155
[25-Dec-2023 00:23:30 UTC] mountains-02.jpg
[25-Dec-2023 00:23:30 UTC] {"file":"C:\\Users\\zayd-\\Local Sites\\cosmeticraft\\app\\public\/wp-content\/uploads\/2023\/12\/mountains-02.jpg","url":"http:\/\/cosmeticraft.local\/wp-content\/uploads\/2023\/12\/mountains-02.jpg","type":"image\/jpeg","error":false}
[25-Dec-2023 00:23:30 UTC] {"post_title":"mountains-02.jpg","guid":"http:\/\/cosmeticraft.local\/wp-content\/uploads\/2023\/12\/mountains-02.jpg"}
[25-Dec-2023 00:23:31 UTC] BATCH - SUCCESS Image {Imported} - http://cosmeticraft.local/wp-content/uploads/2023/12/mountains-02.jpg
[25-Dec-2023 02:08:10 UTC] Source - https://websitedemos.net/wp-content/uploads/2023/10/desserts-02.jpg
[25-Dec-2023 02:08:10 UTC] Log - {"id":"652","url":"http:\/\/cosmeticraft.local\/wp-content\/uploads\/2023\/12\/desserts-02.jpg"}
[25-Dec-2023 02:08:10 UTC] Source - https://websitedemos.net/wp-content/uploads/2023/10/natures-02.jpg
[25-Dec-2023 02:08:10 UTC] Log - {"id":"645","url":"http:\/\/cosmeticraft.local\/wp-content\/uploads\/2023\/12\/natures-02.jpg"}
[25-Dec-2023 02:08:10 UTC] Source - https://websitedemos.net/wp-content/uploads/2023/10/snow-mountains-02.jpg
[25-Dec-2023 02:08:10 UTC] Log - {"id":"653","url":"http:\/\/cosmeticraft.local\/wp-content\/uploads\/2023\/12\/snow-mountains-02.jpg"}
[25-Dec-2023 02:08:10 UTC] Source - https://websitedemos.net/wp-content/uploads/2023/10/mountains-02.jpg
[25-Dec-2023 02:08:10 UTC] Log - {"id":"654","url":"http:\/\/cosmeticraft.local\/wp-content\/uploads\/2023\/12\/mountains-02.jpg"}
[27-Dec-2023 00:38:25 UTC] Sync process for Gutenberg Blocks has started.
[27-Dec-2023 00:38:25 UTC] CATEGORY: Storing in option ast-block-templates-categories
[27-Dec-2023 00:38:25 UTC] BLOCK: Requests count 8
[27-Dec-2023 00:38:25 UTC] BLOCK: Importing request 1 ..
[27-Dec-2023 00:38:25 UTC] BLOCK: https://websitedemos.net/wp-json/astra-blocks/v2/blocks/?page_builder=gutenberg&per_page=30&page=1&wireframe=yes
[27-Dec-2023 00:38:26 UTC] BLOCK: Storing in option ast-block-templates-blocks-1
[27-Dec-2023 00:38:26 UTC] BLOCK: Completed request 1
[27-Dec-2023 00:38:26 UTC] BLOCK: Importing request 2 ..
[27-Dec-2023 00:38:26 UTC] BLOCK: https://websitedemos.net/wp-json/astra-blocks/v2/blocks/?page_builder=gutenberg&per_page=30&page=2&wireframe=yes
[27-Dec-2023 00:38:26 UTC] BLOCK: Storing in option ast-block-templates-blocks-2
[27-Dec-2023 00:38:27 UTC] BLOCK: Completed request 2
[27-Dec-2023 00:38:27 UTC] BLOCK: Importing request 3 ..
[27-Dec-2023 00:38:27 UTC] BLOCK: https://websitedemos.net/wp-json/astra-blocks/v2/blocks/?page_builder=gutenberg&per_page=30&page=3&wireframe=yes
[27-Dec-2023 00:38:27 UTC] BLOCK: Storing in option ast-block-templates-blocks-3
[27-Dec-2023 00:38:28 UTC] BLOCK: Completed request 3
[27-Dec-2023 00:38:28 UTC] BLOCK: Importing request 4 ..
[27-Dec-2023 00:38:28 UTC] BLOCK: https://websitedemos.net/wp-json/astra-blocks/v2/blocks/?page_builder=gutenberg&per_page=30&page=4&wireframe=yes
[27-Dec-2023 00:38:28 UTC] BLOCK: Storing in option ast-block-templates-blocks-4
[27-Dec-2023 00:38:28 UTC] BLOCK: Completed request 4
[27-Dec-2023 00:38:28 UTC] BLOCK: Importing request 5 ..
[27-Dec-2023 00:38:28 UTC] BLOCK: https://websitedemos.net/wp-json/astra-blocks/v2/blocks/?page_builder=gutenberg&per_page=30&page=5&wireframe=yes
[27-Dec-2023 00:38:29 UTC] BLOCK: Storing in option ast-block-templates-blocks-5
[27-Dec-2023 00:38:29 UTC] BLOCK: Completed request 5
[27-Dec-2023 00:38:29 UTC] BLOCK: Importing request 6 ..
[27-Dec-2023 00:38:29 UTC] BLOCK: https://websitedemos.net/wp-json/astra-blocks/v2/blocks/?page_builder=gutenberg&per_page=30&page=6&wireframe=yes
[27-Dec-2023 00:38:29 UTC] BLOCK: Storing in option ast-block-templates-blocks-6
[27-Dec-2023 00:38:29 UTC] BLOCK: Completed request 6
[27-Dec-2023 00:38:29 UTC] BLOCK: Importing request 7 ..
[27-Dec-2023 00:38:29 UTC] BLOCK: https://websitedemos.net/wp-json/astra-blocks/v2/blocks/?page_builder=gutenberg&per_page=30&page=7&wireframe=yes
[27-Dec-2023 00:38:29 UTC] BLOCK: Storing in option ast-block-templates-blocks-7
[27-Dec-2023 00:38:30 UTC] BLOCK: Completed request 7
[27-Dec-2023 00:38:30 UTC] BLOCK: Importing request 8 ..
[27-Dec-2023 00:38:30 UTC] BLOCK: https://websitedemos.net/wp-json/astra-blocks/v2/blocks/?page_builder=gutenberg&per_page=30&page=8&wireframe=yes
[27-Dec-2023 00:38:30 UTC] BLOCK: Storing in option ast-block-templates-blocks-8
[27-Dec-2023 00:38:30 UTC] BLOCK: Completed request 8
[27-Dec-2023 00:38:30 UTC] Sync process for Gutenberg Blocks is done.
[27-Dec-2023 00:38:30 UTC] BLOCK: Getting Server Custimizer CSS
[27-Dec-2023 00:38:30 UTC] BLOCK: https://websitedemos.net/wp-json/astra-blocks/v2/get-customizer-css
[28-Dec-2023 23:52:52 UTC] Sync process for Gutenberg Blocks has started.
[28-Dec-2023 23:52:52 UTC] CATEGORY: Storing in option ast-block-templates-categories
[28-Dec-2023 23:52:52 UTC] BLOCK: Requests count 8
[28-Dec-2023 23:52:52 UTC] BLOCK: Importing request 1 ..
[28-Dec-2023 23:52:52 UTC] BLOCK: https://websitedemos.net/wp-json/astra-blocks/v2/blocks/?page_builder=gutenberg&per_page=30&page=1&wireframe=yes
[28-Dec-2023 23:52:52 UTC] BLOCK: Storing in option ast-block-templates-blocks-1
[28-Dec-2023 23:52:53 UTC] BLOCK: Completed request 1
[28-Dec-2023 23:52:53 UTC] BLOCK: Importing request 2 ..
[28-Dec-2023 23:52:53 UTC] BLOCK: https://websitedemos.net/wp-json/astra-blocks/v2/blocks/?page_builder=gutenberg&per_page=30&page=2&wireframe=yes
[28-Dec-2023 23:52:53 UTC] BLOCK: Storing in option ast-block-templates-blocks-2
[28-Dec-2023 23:52:54 UTC] BLOCK: Completed request 2
[28-Dec-2023 23:52:54 UTC] BLOCK: Importing request 3 ..
[28-Dec-2023 23:52:54 UTC] BLOCK: https://websitedemos.net/wp-json/astra-blocks/v2/blocks/?page_builder=gutenberg&per_page=30&page=3&wireframe=yes
[28-Dec-2023 23:52:54 UTC] BLOCK: Storing in option ast-block-templates-blocks-3
[28-Dec-2023 23:52:55 UTC] BLOCK: Completed request 3
[28-Dec-2023 23:52:55 UTC] BLOCK: Importing request 4 ..
[28-Dec-2023 23:52:55 UTC] BLOCK: https://websitedemos.net/wp-json/astra-blocks/v2/blocks/?page_builder=gutenberg&per_page=30&page=4&wireframe=yes
[28-Dec-2023 23:52:55 UTC] BLOCK: Storing in option ast-block-templates-blocks-4
[28-Dec-2023 23:52:55 UTC] BLOCK: Completed request 4
[28-Dec-2023 23:52:55 UTC] BLOCK: Importing request 5 ..
[28-Dec-2023 23:52:55 UTC] BLOCK: https://websitedemos.net/wp-json/astra-blocks/v2/blocks/?page_builder=gutenberg&per_page=30&page=5&wireframe=yes
[28-Dec-2023 23:52:55 UTC] BLOCK: Storing in option ast-block-templates-blocks-5
[28-Dec-2023 23:52:56 UTC] BLOCK: Completed request 5
[28-Dec-2023 23:52:56 UTC] BLOCK: Importing request 6 ..
[28-Dec-2023 23:52:56 UTC] BLOCK: https://websitedemos.net/wp-json/astra-blocks/v2/blocks/?page_builder=gutenberg&per_page=30&page=6&wireframe=yes
[28-Dec-2023 23:52:56 UTC] BLOCK: Storing in option ast-block-templates-blocks-6
[28-Dec-2023 23:52:56 UTC] BLOCK: Completed request 6
[28-Dec-2023 23:52:56 UTC] BLOCK: Importing request 7 ..
[28-Dec-2023 23:52:56 UTC] BLOCK: https://websitedemos.net/wp-json/astra-blocks/v2/blocks/?page_builder=gutenberg&per_page=30&page=7&wireframe=yes
[28-Dec-2023 23:52:56 UTC] BLOCK: Storing in option ast-block-templates-blocks-7
[28-Dec-2023 23:52:57 UTC] BLOCK: Completed request 7
[28-Dec-2023 23:52:57 UTC] BLOCK: Importing request 8 ..
[28-Dec-2023 23:52:57 UTC] BLOCK: https://websitedemos.net/wp-json/astra-blocks/v2/blocks/?page_builder=gutenberg&per_page=30&page=8&wireframe=yes
[28-Dec-2023 23:52:57 UTC] BLOCK: Storing in option ast-block-templates-blocks-8
[28-Dec-2023 23:52:57 UTC] BLOCK: Completed request 8
[28-Dec-2023 23:52:57 UTC] Sync process for Gutenberg Blocks is done.
[28-Dec-2023 23:52:57 UTC] BLOCK: Getting Server Custimizer CSS
[28-Dec-2023 23:52:57 UTC] BLOCK: https://websitedemos.net/wp-json/astra-blocks/v2/get-customizer-css
[11-Jan-2024 00:37:36 UTC] Sync process for Gutenberg Blocks has started.
[11-Jan-2024 00:37:36 UTC] CATEGORY: Storing in option ast-block-templates-categories
[11-Jan-2024 00:37:36 UTC] BLOCK: Requests count 8
[11-Jan-2024 00:37:36 UTC] BLOCK: Importing request 1 ..
[11-Jan-2024 00:37:36 UTC] BLOCK: https://websitedemos.net/wp-json/astra-blocks/v2/blocks/?page_builder=gutenberg&per_page=30&page=1&wireframe=yes
[11-Jan-2024 00:37:36 UTC] BLOCK: Storing in option ast-block-templates-blocks-1
[11-Jan-2024 00:37:37 UTC] BLOCK: Completed request 1
[11-Jan-2024 00:37:37 UTC] BLOCK: Importing request 2 ..
[11-Jan-2024 00:37:37 UTC] BLOCK: https://websitedemos.net/wp-json/astra-blocks/v2/blocks/?page_builder=gutenberg&per_page=30&page=2&wireframe=yes
[11-Jan-2024 00:37:37 UTC] BLOCK: Storing in option ast-block-templates-blocks-2
[11-Jan-2024 00:37:38 UTC] BLOCK: Completed request 2
[11-Jan-2024 00:37:38 UTC] BLOCK: Importing request 3 ..
[11-Jan-2024 00:37:38 UTC] BLOCK: https://websitedemos.net/wp-json/astra-blocks/v2/blocks/?page_builder=gutenberg&per_page=30&page=3&wireframe=yes
[11-Jan-2024 00:37:38 UTC] BLOCK: Storing in option ast-block-templates-blocks-3
[11-Jan-2024 00:37:39 UTC] BLOCK: Completed request 3
[11-Jan-2024 00:37:39 UTC] BLOCK: Importing request 4 ..
[11-Jan-2024 00:37:39 UTC] BLOCK: https://websitedemos.net/wp-json/astra-blocks/v2/blocks/?page_builder=gutenberg&per_page=30&page=4&wireframe=yes
[11-Jan-2024 00:37:39 UTC] BLOCK: Storing in option ast-block-templates-blocks-4
[11-Jan-2024 00:37:39 UTC] BLOCK: Completed request 4
[11-Jan-2024 00:37:39 UTC] BLOCK: Importing request 5 ..
[11-Jan-2024 00:37:39 UTC] BLOCK: https://websitedemos.net/wp-json/astra-blocks/v2/blocks/?page_builder=gutenberg&per_page=30&page=5&wireframe=yes
[11-Jan-2024 00:37:40 UTC] BLOCK: Storing in option ast-block-templates-blocks-5
[11-Jan-2024 00:37:40 UTC] BLOCK: Completed request 5
[11-Jan-2024 00:37:40 UTC] BLOCK: Importing request 6 ..
[11-Jan-2024 00:37:40 UTC] BLOCK: https://websitedemos.net/wp-json/astra-blocks/v2/blocks/?page_builder=gutenberg&per_page=30&page=6&wireframe=yes
[11-Jan-2024 00:37:40 UTC] BLOCK: Storing in option ast-block-templates-blocks-6
[11-Jan-2024 00:37:41 UTC] BLOCK: Completed request 6
[11-Jan-2024 00:37:41 UTC] BLOCK: Importing request 7 ..
[11-Jan-2024 00:37:41 UTC] BLOCK: https://websitedemos.net/wp-json/astra-blocks/v2/blocks/?page_builder=gutenberg&per_page=30&page=7&wireframe=yes
[11-Jan-2024 00:37:41 UTC] BLOCK: Storing in option ast-block-templates-blocks-7
[11-Jan-2024 00:37:41 UTC] BLOCK: Completed request 7
[11-Jan-2024 00:37:41 UTC] BLOCK: Importing request 8 ..
[11-Jan-2024 00:37:41 UTC] BLOCK: https://websitedemos.net/wp-json/astra-blocks/v2/blocks/?page_builder=gutenberg&per_page=30&page=8&wireframe=yes
[11-Jan-2024 00:37:41 UTC] BLOCK: Storing in option ast-block-templates-blocks-8
[11-Jan-2024 00:37:42 UTC] BLOCK: Completed request 8
[11-Jan-2024 00:37:42 UTC] Sync process for Gutenberg Blocks is done.
[11-Jan-2024 00:37:42 UTC] BLOCK: Getting Server Custimizer CSS
[11-Jan-2024 00:37:42 UTC] BLOCK: https://websitedemos.net/wp-json/astra-blocks/v2/get-customizer-css
[11-Jan-2024 00:41:20 UTC] PHP Fatal error:  Uncaught Error: Class "ActionScheduler_Lock" not found in C:\Users\zayd-\Local Sites\cosmeticraft\app\public\wp-content\plugins\all-in-one-seo-pack\vendor\woocommerce\action-scheduler\classes\abstracts\ActionScheduler.php:29
Stack trace:
#0 C:\Users\zayd-\Local Sites\cosmeticraft\app\public\wp-content\plugins\all-in-one-seo-pack\vendor\woocommerce\action-scheduler\classes\ActionScheduler_QueueRunner.php(106): ActionScheduler::lock()
#1 C:\Users\zayd-\Local Sites\cosmeticraft\app\public\wp-includes\class-wp-hook.php(324): ActionScheduler_QueueRunner->maybe_dispatch_async_request('')
#2 C:\Users\zayd-\Local Sites\cosmeticraft\app\public\wp-includes\class-wp-hook.php(348): WP_Hook->apply_filters(NULL, Array)
#3 C:\Users\zayd-\Local Sites\cosmeticraft\app\public\wp-includes\plugin.php(517): WP_Hook->do_action(Array)
#4 C:\Users\zayd-\Local Sites\cosmeticraft\app\public\wp-includes\load.php(1260): do_action('shutdown')
#5 [internal function]: shutdown_action_hook()
#6 {main}
  thrown in C:\Users\zayd-\Local Sites\cosmeticraft\app\public\wp-content\plugins\all-in-one-seo-pack\vendor\woocommerce\action-scheduler\classes\abstracts\ActionScheduler.php on line 29
[11-Jan-2024 00:42:28 UTC] Sync process for Gutenberg Blocks has started.
[11-Jan-2024 00:42:28 UTC] CATEGORY: Storing in option ast-block-templates-categories
[11-Jan-2024 00:42:28 UTC] BLOCK: Requests count 8
[11-Jan-2024 00:42:28 UTC] BLOCK: Importing request 1 ..
[11-Jan-2024 00:42:28 UTC] BLOCK: https://websitedemos.net/wp-json/astra-blocks/v2/blocks/?page_builder=gutenberg&per_page=30&page=1&wireframe=yes
[11-Jan-2024 00:42:29 UTC] BLOCK: Storing in option ast-block-templates-blocks-1
[11-Jan-2024 00:42:29 UTC] BLOCK: Completed request 1
[11-Jan-2024 00:42:29 UTC] BLOCK: Importing request 2 ..
[11-Jan-2024 00:42:29 UTC] BLOCK: https://websitedemos.net/wp-json/astra-blocks/v2/blocks/?page_builder=gutenberg&per_page=30&page=2&wireframe=yes
[11-Jan-2024 00:42:29 UTC] BLOCK: Storing in option ast-block-templates-blocks-2
[11-Jan-2024 00:42:30 UTC] BLOCK: Completed request 2
[11-Jan-2024 00:42:30 UTC] BLOCK: Importing request 3 ..
[11-Jan-2024 00:42:30 UTC] BLOCK: https://websitedemos.net/wp-json/astra-blocks/v2/blocks/?page_builder=gutenberg&per_page=30&page=3&wireframe=yes
[11-Jan-2024 00:42:30 UTC] BLOCK: Storing in option ast-block-templates-blocks-3
[11-Jan-2024 00:42:31 UTC] BLOCK: Completed request 3
[11-Jan-2024 00:42:31 UTC] BLOCK: Importing request 4 ..
[11-Jan-2024 00:42:31 UTC] BLOCK: https://websitedemos.net/wp-json/astra-blocks/v2/blocks/?page_builder=gutenberg&per_page=30&page=4&wireframe=yes
[11-Jan-2024 00:42:31 UTC] BLOCK: Storing in option ast-block-templates-blocks-4
[11-Jan-2024 00:42:31 UTC] BLOCK: Completed request 4
[11-Jan-2024 00:42:31 UTC] BLOCK: Importing request 5 ..
[11-Jan-2024 00:42:31 UTC] BLOCK: https://websitedemos.net/wp-json/astra-blocks/v2/blocks/?page_builder=gutenberg&per_page=30&page=5&wireframe=yes
[11-Jan-2024 00:42:32 UTC] BLOCK: Storing in option ast-block-templates-blocks-5
[11-Jan-2024 00:42:32 UTC] BLOCK: Completed request 5
[11-Jan-2024 00:42:32 UTC] BLOCK: Importing request 6 ..
[11-Jan-2024 00:42:32 UTC] BLOCK: https://websitedemos.net/wp-json/astra-blocks/v2/blocks/?page_builder=gutenberg&per_page=30&page=6&wireframe=yes
[11-Jan-2024 00:42:32 UTC] BLOCK: Storing in option ast-block-templates-blocks-6
[11-Jan-2024 00:42:32 UTC] BLOCK: Completed request 6
[11-Jan-2024 00:42:32 UTC] BLOCK: Importing request 7 ..
[11-Jan-2024 00:42:32 UTC] BLOCK: https://websitedemos.net/wp-json/astra-blocks/v2/blocks/?page_builder=gutenberg&per_page=30&page=7&wireframe=yes
[11-Jan-2024 00:42:32 UTC] BLOCK: Storing in option ast-block-templates-blocks-7
[11-Jan-2024 00:42:33 UTC] BLOCK: Completed request 7
[11-Jan-2024 00:42:33 UTC] BLOCK: Importing request 8 ..
[11-Jan-2024 00:42:33 UTC] BLOCK: https://websitedemos.net/wp-json/astra-blocks/v2/blocks/?page_builder=gutenberg&per_page=30&page=8&wireframe=yes
[11-Jan-2024 00:42:33 UTC] BLOCK: Storing in option ast-block-templates-blocks-8
[11-Jan-2024 00:42:33 UTC] BLOCK: Completed request 8
[11-Jan-2024 00:42:33 UTC] SITE: Getting Total Sites
[11-Jan-2024 00:42:33 UTC] SITE: https://websitedemos.net/wp-json/astra-sites/v1/get-total-pages/?page_builder=gutenberg&per_page=30
[11-Jan-2024 00:42:33 UTC] SITE: Request count 7
[11-Jan-2024 00:42:33 UTC] SITE: Importing request 1 ..
[11-Jan-2024 00:42:33 UTC] SITE: https://websitedemos.net/wp-json/astra-sites/v1/sites-and-pages/?per_page=30&page=1&page-builder=gutenberg
[11-Jan-2024 00:42:34 UTC] SITE: Storing in option ast-block-templates-sites-1
[11-Jan-2024 00:42:34 UTC] SITE: Completed request 1
[11-Jan-2024 00:42:34 UTC] SITE: Importing request 2 ..
[11-Jan-2024 00:42:34 UTC] SITE: https://websitedemos.net/wp-json/astra-sites/v1/sites-and-pages/?per_page=30&page=2&page-builder=gutenberg
[11-Jan-2024 00:42:34 UTC] SITE: Storing in option ast-block-templates-sites-2
[11-Jan-2024 00:42:34 UTC] SITE: Completed request 2
[11-Jan-2024 00:42:34 UTC] SITE: Importing request 3 ..
[11-Jan-2024 00:42:34 UTC] SITE: https://websitedemos.net/wp-json/astra-sites/v1/sites-and-pages/?per_page=30&page=3&page-builder=gutenberg
[11-Jan-2024 00:42:34 UTC] SITE: Storing in option ast-block-templates-sites-3
[11-Jan-2024 00:42:34 UTC] SITE: Completed request 3
[11-Jan-2024 00:42:34 UTC] SITE: Importing request 4 ..
[11-Jan-2024 00:42:34 UTC] SITE: https://websitedemos.net/wp-json/astra-sites/v1/sites-and-pages/?per_page=30&page=4&page-builder=gutenberg
[11-Jan-2024 00:42:34 UTC] SITE: Storing in option ast-block-templates-sites-4
[11-Jan-2024 00:42:34 UTC] SITE: Completed request 4
[11-Jan-2024 00:42:34 UTC] SITE: Importing request 5 ..
[11-Jan-2024 00:42:34 UTC] SITE: https://websitedemos.net/wp-json/astra-sites/v1/sites-and-pages/?per_page=30&page=5&page-builder=gutenberg
[11-Jan-2024 00:42:34 UTC] SITE: Storing in option ast-block-templates-sites-5
[11-Jan-2024 00:42:35 UTC] SITE: Completed request 5
[11-Jan-2024 00:42:35 UTC] SITE: Importing request 6 ..
[11-Jan-2024 00:42:35 UTC] SITE: https://websitedemos.net/wp-json/astra-sites/v1/sites-and-pages/?per_page=30&page=6&page-builder=gutenberg
[11-Jan-2024 00:42:35 UTC] SITE: Storing in option ast-block-templates-sites-6
[11-Jan-2024 00:42:35 UTC] SITE: Completed request 6
[11-Jan-2024 00:42:35 UTC] SITE: Importing request 7 ..
[11-Jan-2024 00:42:35 UTC] SITE: https://websitedemos.net/wp-json/astra-sites/v1/sites-and-pages/?per_page=30&page=7&page-builder=gutenberg
[11-Jan-2024 00:42:35 UTC] SITE: Storing in option ast-block-templates-sites-7
[11-Jan-2024 00:42:35 UTC] SITE: Completed request 7
[11-Jan-2024 00:42:35 UTC] Sync process for Gutenberg Blocks is done.
[11-Jan-2024 00:42:35 UTC] BLOCK: Getting Server Custimizer CSS
[11-Jan-2024 00:42:35 UTC] BLOCK: https://websitedemos.net/wp-json/astra-blocks/v2/get-customizer-css
[11-Jan-2024 00:43:29 UTC] Cron reschedule event error for hook: monsterinsights_email_summaries_cron, Error code: invalid_schedule, Error message: Event schedule does not exist., Data: {"schedule":"monsterinsights_email_summaries_monthly","args":[],"interval":2592000}
